f:\development\checkline\checkline\debug\checkline.pch
f:\development\checkline\checkline\debug\vc120.pdb
f:\development\checkline\checkline\debug\vc120.idb
f:\development\checkline\checkline\debug\stdafx.obj
f:\development\checkline\checkline\debug\checkline.obj
f:\development\checkline\checkline\debug\checklinedlg.obj
f:\development\checkline\checkline\debug\hough.obj
f:\development\checkline\checkline\debug\recognition.obj
f:\development\checkline\checkline\debug\transform.obj
f:\development\checkline\debug\checkline.ilk
f:\development\checkline\debug\checkline.exe
f:\development\checkline\debug\checkline.pdb
f:\development\checkline\checkline\debug\checkline.res
f:\git_dir\checkline\checkline\debug\checkline.obj
f:\git_dir\checkline\checkline\debug\checklinedlg.obj
f:\git_dir\checkline\checkline\debug\hough.obj
f:\git_dir\checkline\checkline\debug\recognition.obj
f:\git_dir\checkline\checkline\debug\stdafx.obj
f:\git_dir\checkline\checkline\debug\transform.obj
f:\git_dir\checkline\checkline\debug\checkline.res
f:\git_dir\checkline\checkline\debug\checkline.pch
f:\git_dir\checkline\checkline\debug\vc120.idb
f:\git_dir\checkline\checkline\debug\vc120.pdb
f:\git_dir\checkline\debug\checkline.pdb
f:\git_dir\checkline\debug\checkline.exe
f:\git_dir\checkline\debug\checkline.ilk
f:\git_dir\checkline\checkline\debug\checkline.tlog\cl.command.1.tlog
f:\git_dir\checkline\checkline\debug\checkline.tlog\cl.read.1.tlog
f:\git_dir\checkline\checkline\debug\checkline.tlog\cl.write.1.tlog
f:\git_dir\checkline\checkline\debug\checkline.tlog\link.command.1.tlog
f:\git_dir\checkline\checkline\debug\checkline.tlog\link.read.1.tlog
f:\git_dir\checkline\checkline\debug\checkline.tlog\link.write.1.tlog
f:\git_dir\checkline\checkline\debug\checkline.tlog\rc.command.1.tlog
f:\git_dir\checkline\checkline\debug\checkline.tlog\rc.read.1.tlog
f:\git_dir\checkline\checkline\debug\checkline.tlog\rc.write.1.tlog
